[0.130s] DEBUG:colcon:Command line arguments: ['/usr/bin/colcon', 'build', '--symlink-install']
[0.130s] DEBUG:colcon:Parsed command line arguments: Namespace(allow_overriding=[], ament_cmake_args=None, base_paths=['.'], build_base='build', catkin_cmake_args=None, catkin_skip_building_tests=False, cmake_args=None, cmake_clean_cache=False, cmake_clean_first=False, cmake_force_configure=False, cmake_target=None, cmake_target_skip_unavailable=False, continue_on_error=False, event_handlers=None, executor='parallel', ignore_user_meta=False, install_base='install', log_base=None, log_level=None, main=<bound method BuildVerb.main of <colcon_core.verb.build.BuildVerb object at 0x7fbc45be4670>>, merge_install=False, metas=['./colcon.meta'], packages_above=None, packages_above_and_dependencies=None, packages_above_depth=None, packages_end=None, packages_ignore=None, packages_ignore_regex=None, packages_select=None, packages_select_build_failed=False, packages_select_by_dep=None, packages_select_regex=None, packages_select_test_failures=False, packages_skip=None, packages_skip_build_finished=False, packages_skip_by_dep=None, packages_skip_regex=None, packages_skip_test_passed=False, packages_skip_up_to=None, packages_start=None, packages_up_to=None, packages_up_to_regex=None, parallel_workers=8, paths=None, symlink_install=True, test_result_base=None, verb_extension=<colcon_core.verb.build.BuildVerb object at 0x7fbc45be4670>, verb_name='build', verb_parser=<colcon_defaults.argument_parser.defaults.DefaultArgumentsDecorator object at 0x7fbc45be4bb0>)
[0.150s] Level 1:colcon.colcon_core.package_discovery:discover_packages(colcon_meta) check parameters
[0.150s] Level 1:colcon.colcon_core.package_discovery:discover_packages(recursive) check parameters
[0.150s] Level 1:colcon.colcon_core.package_discovery:discover_packages(ignore) check parameters
[0.150s] Level 1:colcon.colcon_core.package_discovery:discover_packages(path) check parameters
[0.150s] Level 1:colcon.colcon_core.package_discovery:discover_packages(colcon_meta) discover
[0.150s] Level 1:colcon.colcon_core.package_discovery:discover_packages(recursive) discover
[0.151s] INFO:colcon.colcon_core.package_discovery:Crawling recursively for packages in '/home/dev/Desktop/dev_ws'
[0.151s] Level 1:colcon.colcon_core.package_identification:_identify(.) by extensions ['ignore', 'ignore_ament_install']
[0.151s] Level 1:colcon.colcon_core.package_identification:_identify(.) by extension 'ignore'
[0.151s] Level 1:colcon.colcon_core.package_identification:_identify(.) by extension 'ignore_ament_install'
[0.151s] Level 1:colcon.colcon_core.package_identification:_identify(.) by extensions ['colcon_pkg']
[0.151s] Level 1:colcon.colcon_core.package_identification:_identify(.) by extension 'colcon_pkg'
[0.151s] Level 1:colcon.colcon_core.package_identification:_identify(.) by extensions ['colcon_meta']
[0.151s] Level 1:colcon.colcon_core.package_identification:_identify(.) by extension 'colcon_meta'
[0.151s] Level 1:colcon.colcon_core.package_identification:_identify(.) by extensions ['ros']
[0.151s] Level 1:colcon.colcon_core.package_identification:_identify(.) by extension 'ros'
[0.161s] Level 1:colcon.colcon_core.package_identification:_identify(.) by extensions ['cmake', 'python']
[0.161s] Level 1:colcon.colcon_core.package_identification:_identify(.) by extension 'cmake'
[0.161s] Level 1:colcon.colcon_core.package_identification:_identify(.) by extension 'python'
[0.161s] Level 1:colcon.colcon_core.package_identification:_identify(.) by extensions ['python_setup_py']
[0.161s] Level 1:colcon.colcon_core.package_identification:_identify(.) by extension 'python_setup_py'
[0.161s] Level 1:colcon.colcon_core.package_identification:_identify(build) by extensions ['ignore', 'ignore_ament_install']
[0.161s] Level 1:colcon.colcon_core.package_identification:_identify(build) by extension 'ignore'
[0.161s] Level 1:colcon.colcon_core.package_identification:_identify(build) ignored
[0.162s] Level 1:colcon.colcon_core.package_identification:_identify(carr-e-2) by extensions ['ignore', 'ignore_ament_install']
[0.162s] Level 1:colcon.colcon_core.package_identification:_identify(carr-e-2) by extension 'ignore'
[0.162s] Level 1:colcon.colcon_core.package_identification:_identify(carr-e-2) by extension 'ignore_ament_install'
[0.162s] Level 1:colcon.colcon_core.package_identification:_identify(carr-e-2) by extensions ['colcon_pkg']
[0.162s] Level 1:colcon.colcon_core.package_identification:_identify(carr-e-2) by extension 'colcon_pkg'
[0.162s] Level 1:colcon.colcon_core.package_identification:_identify(carr-e-2) by extensions ['colcon_meta']
[0.162s] Level 1:colcon.colcon_core.package_identification:_identify(carr-e-2) by extension 'colcon_meta'
[0.162s] Level 1:colcon.colcon_core.package_identification:_identify(carr-e-2) by extensions ['ros']
[0.162s] Level 1:colcon.colcon_core.package_identification:_identify(carr-e-2) by extension 'ros'
[0.165s] DEBUG:colcon.colcon_core.package_identification:Package 'carr-e-2' with type 'ros.ament_cmake' and name 'carr-e-2'
[0.165s] Level 1:colcon.colcon_core.package_identification:_identify(install) by extensions ['ignore', 'ignore_ament_install']
[0.165s] Level 1:colcon.colcon_core.package_identification:_identify(install) by extension 'ignore'
[0.165s] Level 1:colcon.colcon_core.package_identification:_identify(install) ignored
[0.165s] Level 1:colcon.colcon_core.package_identification:_identify(joy_tester) by extensions ['ignore', 'ignore_ament_install']
[0.165s] Level 1:colcon.colcon_core.package_identification:_identify(joy_tester) by extension 'ignore'
[0.165s] Level 1:colcon.colcon_core.package_identification:_identify(joy_tester) by extension 'ignore_ament_install'
[0.165s] Level 1:colcon.colcon_core.package_identification:_identify(joy_tester) by extensions ['colcon_pkg']
[0.165s] Level 1:colcon.colcon_core.package_identification:_identify(joy_tester) by extension 'colcon_pkg'
[0.165s] Level 1:colcon.colcon_core.package_identification:_identify(joy_tester) by extensions ['colcon_meta']
[0.165s] Level 1:colcon.colcon_core.package_identification:_identify(joy_tester) by extension 'colcon_meta'
[0.165s] Level 1:colcon.colcon_core.package_identification:_identify(joy_tester) by extensions ['ros']
[0.165s] Level 1:colcon.colcon_core.package_identification:_identify(joy_tester) by extension 'ros'
[0.166s] DEBUG:colcon.colcon_core.package_identification:Package 'joy_tester' with type 'ros.ament_python' and name 'joy_tester'
[0.166s] Level 1:colcon.colcon_core.package_identification:_identify(log) by extensions ['ignore', 'ignore_ament_install']
[0.166s] Level 1:colcon.colcon_core.package_identification:_identify(log) by extension 'ignore'
[0.166s] Level 1:colcon.colcon_core.package_identification:_identify(log) ignored
[0.166s] Level 1:colcon.colcon_core.package_discovery:discover_packages(recursive) using defaults
[0.166s] Level 1:colcon.colcon_core.package_discovery:discover_packages(ignore) discover
[0.166s] Level 1:colcon.colcon_core.package_discovery:discover_packages(ignore) using defaults
[0.166s] Level 1:colcon.colcon_core.package_discovery:discover_packages(path) discover
[0.166s] Level 1:colcon.colcon_core.package_discovery:discover_packages(path) using defaults
[0.199s] Level 1:colcon.colcon_core.package_discovery:discover_packages(prefix_path) check parameters
[0.199s] Level 1:colcon.colcon_core.package_discovery:discover_packages(prefix_path) discover
[0.201s] DEBUG:colcon.colcon_installed_package_information.package_discovery:Found 2 installed packages in /home/dev/Desktop/dev_ws/install
[0.203s] DEBUG:colcon.colcon_installed_package_information.package_discovery:Found 379 installed packages in /opt/ros/foxy
[0.205s] Level 1:colcon.colcon_core.package_discovery:discover_packages(prefix_path) using defaults
[0.273s] Level 5:colcon.colcon_core.verb:set package 'carr-e-2' build argument 'cmake_args' from command line to 'None'
[0.273s] Level 5:colcon.colcon_core.verb:set package 'carr-e-2' build argument 'cmake_target' from command line to 'None'
[0.273s] Level 5:colcon.colcon_core.verb:set package 'carr-e-2' build argument 'cmake_target_skip_unavailable' from command line to 'False'
[0.274s] Level 5:colcon.colcon_core.verb:set package 'carr-e-2' build argument 'cmake_clean_cache' from command line to 'False'
[0.274s] Level 5:colcon.colcon_core.verb:set package 'carr-e-2' build argument 'cmake_clean_first' from command line to 'False'
[0.274s] Level 5:colcon.colcon_core.verb:set package 'carr-e-2' build argument 'cmake_force_configure' from command line to 'False'
[0.274s] Level 5:colcon.colcon_core.verb:set package 'carr-e-2' build argument 'ament_cmake_args' from command line to 'None'
[0.274s] Level 5:colcon.colcon_core.verb:set package 'carr-e-2' build argument 'catkin_cmake_args' from command line to 'None'
[0.274s] Level 5:colcon.colcon_core.verb:set package 'carr-e-2' build argument 'catkin_skip_building_tests' from command line to 'False'
[0.274s] DEBUG:colcon.colcon_core.verb:Building package 'carr-e-2' with the following arguments: {'ament_cmake_args': None, 'build_base': '/home/dev/Desktop/dev_ws/build/carr-e-2', 'catkin_cmake_args': None, 'catkin_skip_building_tests': False, 'cmake_args': None, 'cmake_clean_cache': False, 'cmake_clean_first': False, 'cmake_force_configure': False, 'cmake_target': None, 'cmake_target_skip_unavailable': False, 'install_base': '/home/dev/Desktop/dev_ws/install/carr-e-2', 'merge_install': False, 'path': '/home/dev/Desktop/dev_ws/carr-e-2', 'symlink_install': True, 'test_result_base': None}
[0.274s] Level 5:colcon.colcon_core.verb:set package 'joy_tester' build argument 'cmake_args' from command line to 'None'
[0.274s] Level 5:colcon.colcon_core.verb:set package 'joy_tester' build argument 'cmake_target' from command line to 'None'
[0.275s] Level 5:colcon.colcon_core.verb:set package 'joy_tester' build argument 'cmake_target_skip_unavailable' from command line to 'False'
[0.275s] Level 5:colcon.colcon_core.verb:set package 'joy_tester' build argument 'cmake_clean_cache' from command line to 'False'
[0.275s] Level 5:colcon.colcon_core.verb:set package 'joy_tester' build argument 'cmake_clean_first' from command line to 'False'
[0.275s] Level 5:colcon.colcon_core.verb:set package 'joy_tester' build argument 'cmake_force_configure' from command line to 'False'
[0.275s] Level 5:colcon.colcon_core.verb:set package 'joy_tester' build argument 'ament_cmake_args' from command line to 'None'
[0.275s] Level 5:colcon.colcon_core.verb:set package 'joy_tester' build argument 'catkin_cmake_args' from command line to 'None'
[0.275s] Level 5:colcon.colcon_core.verb:set package 'joy_tester' build argument 'catkin_skip_building_tests' from command line to 'False'
[0.275s] DEBUG:colcon.colcon_core.verb:Building package 'joy_tester' with the following arguments: {'ament_cmake_args': None, 'build_base': '/home/dev/Desktop/dev_ws/build/joy_tester', 'catkin_cmake_args': None, 'catkin_skip_building_tests': False, 'cmake_args': None, 'cmake_clean_cache': False, 'cmake_clean_first': False, 'cmake_force_configure': False, 'cmake_target': None, 'cmake_target_skip_unavailable': False, 'install_base': '/home/dev/Desktop/dev_ws/install/joy_tester', 'merge_install': False, 'path': '/home/dev/Desktop/dev_ws/joy_tester', 'symlink_install': True, 'test_result_base': None}
[0.275s] INFO:colcon.colcon_core.executor:Executing jobs using 'parallel' executor
[0.280s] DEBUG:colcon.colcon_parallel_executor.executor.parallel:run_until_complete
[0.280s] INFO:colcon.colcon_ros.task.ament_cmake.build:Building ROS package in '/home/dev/Desktop/dev_ws/carr-e-2' with build type 'ament_cmake'
[0.280s] INFO:colcon.colcon_cmake.task.cmake.build:Building CMake package in '/home/dev/Desktop/dev_ws/carr-e-2'
[0.284s] INFO:colcon.colcon_core.plugin_system:Skipping extension 'colcon_core.shell.bat': Not used on non-Windows systems
[0.285s] INFO:colcon.colcon_core.shell:Skip shell extension 'powershell' for command environment: Not usable outside of PowerShell
[0.285s] DEBUG:colcon.colcon_core.shell:Skip shell extension 'dsv' for command environment
[0.290s] INFO:colcon.colcon_ros.task.ament_python.build:Building ROS package in '/home/dev/Desktop/dev_ws/joy_tester' with build type 'ament_python'
[0.290s] Level 1:colcon.colcon_core.shell:create_environment_hook('joy_tester', 'ament_prefix_path')
[0.292s] INFO:colcon.colcon_core.shell:Creating environment hook '/home/dev/Desktop/dev_ws/install/joy_tester/share/joy_tester/hook/ament_prefix_path.ps1'
[0.293s] INFO:colcon.colcon_core.shell:Creating environment descriptor '/home/dev/Desktop/dev_ws/install/joy_tester/share/joy_tester/hook/ament_prefix_path.dsv'
[0.294s] INFO:colcon.colcon_core.shell:Creating environment hook '/home/dev/Desktop/dev_ws/install/joy_tester/share/joy_tester/hook/ament_prefix_path.sh'
[0.296s] INFO:colcon.colcon_core.shell:Skip shell extension 'powershell' for command environment: Not usable outside of PowerShell
[0.296s] DEBUG:colcon.colcon_core.shell:Skip shell extension 'dsv' for command environment
[0.306s] DEBUG:colcon.colcon_core.event_handler.log_command:Invoking command in '/home/dev/Desktop/dev_ws/build/carr-e-2': CMAKE_PREFIX_PATH=${CMAKE_PREFIX_PATH}:/home/dev/Desktop/dev_ws/install/joy_tester:/opt/ros/foxy /usr/bin/cmake --build /home/dev/Desktop/dev_ws/build/carr-e-2 -- -j8 -l8
[0.515s] INFO:colcon.colcon_core.task.python.build:Building Python package in '/home/dev/Desktop/dev_ws/joy_tester'
[0.516s] INFO:colcon.colcon_core.shell:Skip shell extension 'powershell' for command environment: Not usable outside of PowerShell
[0.516s] DEBUG:colcon.colcon_core.shell:Skip shell extension 'dsv' for command environment
[0.523s] DEBUG:colcon.colcon_core.event_handler.log_command:Invoked command in '/home/dev/Desktop/dev_ws/build/carr-e-2' returned '0': CMAKE_PREFIX_PATH=${CMAKE_PREFIX_PATH}:/home/dev/Desktop/dev_ws/install/joy_tester:/opt/ros/foxy /usr/bin/cmake --build /home/dev/Desktop/dev_ws/build/carr-e-2 -- -j8 -l8
[0.552s] DEBUG:colcon.colcon_core.event_handler.log_command:Invoking command in '/home/dev/Desktop/dev_ws/build/carr-e-2': CMAKE_PREFIX_PATH=${CMAKE_PREFIX_PATH}:/home/dev/Desktop/dev_ws/install/joy_tester:/opt/ros/foxy /usr/bin/cmake --install /home/dev/Desktop/dev_ws/build/carr-e-2
[0.587s] Level 1:colcon.colcon_core.environment:create_environment_scripts_only(carr-e-2)
[0.588s] DEBUG:colcon.colcon_core.event_handler.log_command:Invoked command in '/home/dev/Desktop/dev_ws/build/carr-e-2' returned '0': CMAKE_PREFIX_PATH=${CMAKE_PREFIX_PATH}:/home/dev/Desktop/dev_ws/install/joy_tester:/opt/ros/foxy /usr/bin/cmake --install /home/dev/Desktop/dev_ws/build/carr-e-2
[0.595s] Level 1:colcon.colcon_core.environment:checking '/home/dev/Desktop/dev_ws/install/carr-e-2' for CMake module files
[0.595s] Level 1:colcon.colcon_core.environment:checking '/home/dev/Desktop/dev_ws/install/carr-e-2' for CMake config files
[0.596s] Level 1:colcon.colcon_core.shell:create_environment_hook('carr-e-2', 'cmake_prefix_path')
[0.598s] INFO:colcon.colcon_core.shell:Creating environment hook '/home/dev/Desktop/dev_ws/install/carr-e-2/share/carr-e-2/hook/cmake_prefix_path.ps1'
[0.598s] INFO:colcon.colcon_core.shell:Creating environment descriptor '/home/dev/Desktop/dev_ws/install/carr-e-2/share/carr-e-2/hook/cmake_prefix_path.dsv'
[0.599s] INFO:colcon.colcon_core.shell:Creating environment hook '/home/dev/Desktop/dev_ws/install/carr-e-2/share/carr-e-2/hook/cmake_prefix_path.sh'
[0.599s] Level 1:colcon.colcon_core.environment:checking '/home/dev/Desktop/dev_ws/install/carr-e-2/bin'
[0.600s] Level 1:colcon.colcon_core.environment:checking '/home/dev/Desktop/dev_ws/install/carr-e-2/lib/pkgconfig/carr-e-2.pc'
[0.600s] Level 1:colcon.colcon_core.environment:checking '/home/dev/Desktop/dev_ws/install/carr-e-2/lib/python3.8/site-packages'
[0.600s] Level 1:colcon.colcon_core.environment:checking '/home/dev/Desktop/dev_ws/install/carr-e-2/bin'
[0.602s] INFO:colcon.colcon_core.shell:Creating package script '/home/dev/Desktop/dev_ws/install/carr-e-2/share/carr-e-2/package.ps1'
[0.603s] INFO:colcon.colcon_core.shell:Creating package descriptor '/home/dev/Desktop/dev_ws/install/carr-e-2/share/carr-e-2/package.dsv'
[0.604s] INFO:colcon.colcon_core.shell:Creating package script '/home/dev/Desktop/dev_ws/install/carr-e-2/share/carr-e-2/package.sh'
[0.605s] INFO:colcon.colcon_core.shell:Creating package script '/home/dev/Desktop/dev_ws/install/carr-e-2/share/carr-e-2/package.bash'
[0.605s] INFO:colcon.colcon_core.shell:Creating package script '/home/dev/Desktop/dev_ws/install/carr-e-2/share/carr-e-2/package.zsh'
[0.606s] Level 1:colcon.colcon_core.environment:create_file_with_runtime_dependencies(/home/dev/Desktop/dev_ws/install/carr-e-2/share/colcon-core/packages/carr-e-2)
[0.628s] Level 1:colcon.colcon_core.environment:create_environment_scripts_only(carr-e-2)
[0.631s] Level 1:colcon.colcon_core.environment:checking '/home/dev/Desktop/dev_ws/install/carr-e-2' for CMake module files
[0.632s] Level 1:colcon.colcon_core.environment:checking '/home/dev/Desktop/dev_ws/install/carr-e-2' for CMake config files
[0.632s] Level 1:colcon.colcon_core.shell:create_environment_hook('carr-e-2', 'cmake_prefix_path')
[0.634s] INFO:colcon.colcon_core.shell:Creating environment hook '/home/dev/Desktop/dev_ws/install/carr-e-2/share/carr-e-2/hook/cmake_prefix_path.ps1'
[0.635s] INFO:colcon.colcon_core.shell:Creating environment descriptor '/home/dev/Desktop/dev_ws/install/carr-e-2/share/carr-e-2/hook/cmake_prefix_path.dsv'
[0.635s] INFO:colcon.colcon_core.shell:Creating environment hook '/home/dev/Desktop/dev_ws/install/carr-e-2/share/carr-e-2/hook/cmake_prefix_path.sh'
[0.636s] Level 1:colcon.colcon_core.environment:checking '/home/dev/Desktop/dev_ws/install/carr-e-2/bin'
[0.636s] Level 1:colcon.colcon_core.environment:checking '/home/dev/Desktop/dev_ws/install/carr-e-2/lib/pkgconfig/carr-e-2.pc'
[0.636s] Level 1:colcon.colcon_core.environment:checking '/home/dev/Desktop/dev_ws/install/carr-e-2/lib/python3.8/site-packages'
[0.637s] Level 1:colcon.colcon_core.environment:checking '/home/dev/Desktop/dev_ws/install/carr-e-2/bin'
[0.639s] INFO:colcon.colcon_core.shell:Creating package script '/home/dev/Desktop/dev_ws/install/carr-e-2/share/carr-e-2/package.ps1'
[0.639s] INFO:colcon.colcon_core.shell:Creating package descriptor '/home/dev/Desktop/dev_ws/install/carr-e-2/share/carr-e-2/package.dsv'
[0.640s] INFO:colcon.colcon_core.shell:Creating package script '/home/dev/Desktop/dev_ws/install/carr-e-2/share/carr-e-2/package.sh'
[0.640s] INFO:colcon.colcon_core.shell:Creating package script '/home/dev/Desktop/dev_ws/install/carr-e-2/share/carr-e-2/package.bash'
[0.641s] INFO:colcon.colcon_core.shell:Creating package script '/home/dev/Desktop/dev_ws/install/carr-e-2/share/carr-e-2/package.zsh'
[0.641s] Level 1:colcon.colcon_core.environment:create_file_with_runtime_dependencies(/home/dev/Desktop/dev_ws/install/carr-e-2/share/colcon-core/packages/carr-e-2)
[0.879s] DEBUG:colcon.colcon_core.event_handler.log_command:Invoking command in '/home/dev/Desktop/dev_ws/build/joy_tester': PYTHONPATH=/home/dev/Desktop/dev_ws/build/joy_tester/prefix_override:/home/dev/Desktop/dev_ws/install/joy_tester/lib/python3.8/site-packages:${PYTHONPATH} /usr/bin/python3 setup.py develop --editable --build-directory /home/dev/Desktop/dev_ws/build/joy_tester/build --no-deps install_data
[1.262s] Level 1:colcon.colcon_core.shell:create_environment_hook('joy_tester', 'pythonpath_develop')
[1.263s] INFO:colcon.colcon_core.shell:Creating environment hook '/home/dev/Desktop/dev_ws/build/joy_tester/share/joy_tester/hook/pythonpath_develop.ps1'
[1.264s] DEBUG:colcon.colcon_core.event_handler.log_command:Invoked command in '/home/dev/Desktop/dev_ws/build/joy_tester' returned '0': PYTHONPATH=/home/dev/Desktop/dev_ws/build/joy_tester/prefix_override:/home/dev/Desktop/dev_ws/install/joy_tester/lib/python3.8/site-packages:${PYTHONPATH} /usr/bin/python3 setup.py develop --editable --build-directory /home/dev/Desktop/dev_ws/build/joy_tester/build --no-deps install_data
[1.264s] INFO:colcon.colcon_core.shell:Creating environment descriptor '/home/dev/Desktop/dev_ws/build/joy_tester/share/joy_tester/hook/pythonpath_develop.dsv'
[1.265s] INFO:colcon.colcon_core.shell:Creating environment hook '/home/dev/Desktop/dev_ws/build/joy_tester/share/joy_tester/hook/pythonpath_develop.sh'
[1.267s] Level 1:colcon.colcon_core.environment:checking '/home/dev/Desktop/dev_ws/install/joy_tester' for CMake module files
[1.267s] Level 1:colcon.colcon_core.environment:checking '/home/dev/Desktop/dev_ws/install/joy_tester' for CMake config files
[1.267s] Level 1:colcon.colcon_core.environment:checking '/home/dev/Desktop/dev_ws/install/joy_tester/lib'
[1.268s] Level 1:colcon.colcon_core.environment:checking '/home/dev/Desktop/dev_ws/install/joy_tester/bin'
[1.268s] Level 1:colcon.colcon_core.environment:checking '/home/dev/Desktop/dev_ws/install/joy_tester/lib/pkgconfig/joy_tester.pc'
[1.268s] Level 1:colcon.colcon_core.environment:checking '/home/dev/Desktop/dev_ws/install/joy_tester/lib/python3.8/site-packages'
[1.268s] Level 1:colcon.colcon_core.shell:create_environment_hook('joy_tester', 'pythonpath')
[1.269s] INFO:colcon.colcon_core.shell:Creating environment hook '/home/dev/Desktop/dev_ws/install/joy_tester/share/joy_tester/hook/pythonpath.ps1'
[1.269s] INFO:colcon.colcon_core.shell:Creating environment descriptor '/home/dev/Desktop/dev_ws/install/joy_tester/share/joy_tester/hook/pythonpath.dsv'
[1.269s] INFO:colcon.colcon_core.shell:Creating environment hook '/home/dev/Desktop/dev_ws/install/joy_tester/share/joy_tester/hook/pythonpath.sh'
[1.270s] Level 1:colcon.colcon_core.environment:checking '/home/dev/Desktop/dev_ws/install/joy_tester/bin'
[1.270s] Level 1:colcon.colcon_core.environment:create_environment_scripts_only(joy_tester)
[1.271s] INFO:colcon.colcon_core.shell:Creating package script '/home/dev/Desktop/dev_ws/install/joy_tester/share/joy_tester/package.ps1'
[1.271s] INFO:colcon.colcon_core.shell:Creating package descriptor '/home/dev/Desktop/dev_ws/install/joy_tester/share/joy_tester/package.dsv'
[1.272s] INFO:colcon.colcon_core.shell:Creating package script '/home/dev/Desktop/dev_ws/install/joy_tester/share/joy_tester/package.sh'
[1.272s] INFO:colcon.colcon_core.shell:Creating package script '/home/dev/Desktop/dev_ws/install/joy_tester/share/joy_tester/package.bash'
[1.272s] INFO:colcon.colcon_core.shell:Creating package script '/home/dev/Desktop/dev_ws/install/joy_tester/share/joy_tester/package.zsh'
[1.273s] Level 1:colcon.colcon_core.environment:create_file_with_runtime_dependencies(/home/dev/Desktop/dev_ws/install/joy_tester/share/colcon-core/packages/joy_tester)
[1.273s] DEBUG:colcon.colcon_parallel_executor.executor.parallel:closing loop
[1.273s] DEBUG:colcon.colcon_parallel_executor.executor.parallel:loop closed
[1.273s] DEBUG:colcon.colcon_parallel_executor.executor.parallel:run_until_complete finished with '0'
[1.273s] DEBUG:colcon.colcon_core.event_reactor:joining thread
[1.280s] INFO:colcon.colcon_core.plugin_system:Skipping extension 'colcon_notification.desktop_notification.terminal_notifier': Not used on non-Darwin systems
[1.280s] INFO:colcon.colcon_core.plugin_system:Skipping extension 'colcon_notification.desktop_notification.win32': Not used on non-Windows systems
[1.280s] INFO:colcon.colcon_notification.desktop_notification:Sending desktop notification using 'notify2'
[1.293s] DEBUG:colcon.colcon_core.event_reactor:joined thread
[1.295s] INFO:colcon.colcon_core.shell:Creating prefix script '/home/dev/Desktop/dev_ws/install/local_setup.ps1'
[1.295s] INFO:colcon.colcon_core.shell:Creating prefix util module '/home/dev/Desktop/dev_ws/install/_local_setup_util_ps1.py'
[1.296s] INFO:colcon.colcon_core.shell:Creating prefix chain script '/home/dev/Desktop/dev_ws/install/setup.ps1'
[1.298s] INFO:colcon.colcon_core.shell:Creating prefix script '/home/dev/Desktop/dev_ws/install/local_setup.sh'
[1.298s] INFO:colcon.colcon_core.shell:Creating prefix util module '/home/dev/Desktop/dev_ws/install/_local_setup_util_sh.py'
[1.299s] INFO:colcon.colcon_core.shell:Creating prefix chain script '/home/dev/Desktop/dev_ws/install/setup.sh'
[1.300s] INFO:colcon.colcon_core.shell:Creating prefix script '/home/dev/Desktop/dev_ws/install/local_setup.bash'
[1.300s] INFO:colcon.colcon_core.shell:Creating prefix chain script '/home/dev/Desktop/dev_ws/install/setup.bash'
[1.301s] INFO:colcon.colcon_core.shell:Creating prefix script '/home/dev/Desktop/dev_ws/install/local_setup.zsh'
[1.302s] INFO:colcon.colcon_core.shell:Creating prefix chain script '/home/dev/Desktop/dev_ws/install/setup.zsh'
