[0.019s] Invoking command in '/home/dev/Desktop/dev_ws/build/carr-e-2': CMAKE_PREFIX_PATH=${CMAKE_PREFIX_PATH}:/opt/ros/foxy /usr/bin/cmake --build /home/dev/Desktop/dev_ws/build/carr-e-2 -- -j8 -l8
[0.052s] Invoked command in '/home/dev/Desktop/dev_ws/build/carr-e-2' returned '0': CMAKE_PREFIX_PATH=${CMAKE_PREFIX_PATH}:/opt/ros/foxy /usr/bin/cmake --build /home/dev/Desktop/dev_ws/build/carr-e-2 -- -j8 -l8
[0.080s] Invoking command in '/home/dev/Desktop/dev_ws/build/carr-e-2': CMAKE_PREFIX_PATH=${CMAKE_PREFIX_PATH}:/opt/ros/foxy /usr/bin/cmake --install /home/dev/Desktop/dev_ws/build/carr-e-2
[0.086s] -- Install configuration: ""
[0.086s] -- Execute custom install script
[0.087s] -- Up-to-date symlink: /home/dev/Desktop/dev_ws/install/carr-e-2/share/carr-e-2/config/empty.yaml
[0.087s] -- Symlinking: /home/dev/Desktop/dev_ws/install/carr-e-2/share/carr-e-2/description/colors.xacro
[0.095s] -- Up-to-date symlink: /home/dev/Desktop/dev_ws/install/carr-e-2/share/carr-e-2/description/robot.urdf.xacro
[0.095s] -- Symlinking: /home/dev/Desktop/dev_ws/install/carr-e-2/share/carr-e-2/description/robot_core.xacro
[0.102s] -- Up-to-date symlink: /home/dev/Desktop/dev_ws/install/carr-e-2/share/carr-e-2/launch/rsp.launch.py
[0.102s] -- Up-to-date symlink: /home/dev/Desktop/dev_ws/install/carr-e-2/share/carr-e-2/worlds/empty.world
[0.103s] -- Up-to-date symlink: /home/dev/Desktop/dev_ws/install/carr-e-2/share/ament_index/resource_index/package_run_dependencies/carr-e-2
[0.103s] -- Up-to-date symlink: /home/dev/Desktop/dev_ws/install/carr-e-2/share/ament_index/resource_index/parent_prefix_path/carr-e-2
[0.103s] -- Up-to-date symlink: /home/dev/Desktop/dev_ws/install/carr-e-2/share/carr-e-2/environment/ament_prefix_path.sh
[0.103s] -- Up-to-date symlink: /home/dev/Desktop/dev_ws/install/carr-e-2/share/carr-e-2/environment/ament_prefix_path.dsv
[0.104s] -- Up-to-date symlink: /home/dev/Desktop/dev_ws/install/carr-e-2/share/carr-e-2/environment/path.sh
[0.104s] -- Up-to-date symlink: /home/dev/Desktop/dev_ws/install/carr-e-2/share/carr-e-2/environment/path.dsv
[0.104s] -- Up-to-date symlink: /home/dev/Desktop/dev_ws/install/carr-e-2/share/carr-e-2/local_setup.bash
[0.105s] -- Up-to-date symlink: /home/dev/Desktop/dev_ws/install/carr-e-2/share/carr-e-2/local_setup.sh
[0.105s] -- Up-to-date symlink: /home/dev/Desktop/dev_ws/install/carr-e-2/share/carr-e-2/local_setup.zsh
[0.105s] -- Up-to-date symlink: /home/dev/Desktop/dev_ws/install/carr-e-2/share/carr-e-2/local_setup.dsv
[0.105s] -- Symlinking: /home/dev/Desktop/dev_ws/install/carr-e-2/share/carr-e-2/package.dsv
[0.114s] -- Up-to-date symlink: /home/dev/Desktop/dev_ws/install/carr-e-2/share/ament_index/resource_index/packages/carr-e-2
[0.114s] -- Up-to-date symlink: /home/dev/Desktop/dev_ws/install/carr-e-2/share/carr-e-2/cmake/carr-e-2Config.cmake
[0.114s] -- Up-to-date symlink: /home/dev/Desktop/dev_ws/install/carr-e-2/share/carr-e-2/cmake/carr-e-2Config-version.cmake
[0.114s] -- Up-to-date symlink: /home/dev/Desktop/dev_ws/install/carr-e-2/share/carr-e-2/package.xml
[0.116s] Invoked command in '/home/dev/Desktop/dev_ws/build/carr-e-2' returned '0': CMAKE_PREFIX_PATH=${CMAKE_PREFIX_PATH}:/opt/ros/foxy /usr/bin/cmake --install /home/dev/Desktop/dev_ws/build/carr-e-2
