[0.128s] DEBUG:colcon:Command line arguments: ['/usr/bin/colcon', 'build', '--symlink-install']
[0.128s] DEBUG:colcon:Parsed command line arguments: Namespace(allow_overriding=[], ament_cmake_args=None, base_paths=['.'], build_base='build', catkin_cmake_args=None, catkin_skip_building_tests=False, cmake_args=None, cmake_clean_cache=False, cmake_clean_first=False, cmake_force_configure=False, cmake_target=None, cmake_target_skip_unavailable=False, continue_on_error=False, event_handlers=None, executor='parallel', ignore_user_meta=False, install_base='install', log_base=None, log_level=None, main=<bound method BuildVerb.main of <colcon_core.verb.build.BuildVerb object at 0x7f591d4d0c40>>, merge_install=False, metas=['./colcon.meta'], packages_above=None, packages_above_and_dependencies=None, packages_above_depth=None, packages_end=None, packages_ignore=None, packages_ignore_regex=None, packages_select=None, packages_select_build_failed=False, packages_select_by_dep=None, packages_select_regex=None, packages_select_test_failures=False, packages_skip=None, packages_skip_build_finished=False, packages_skip_by_dep=None, packages_skip_regex=None, packages_skip_test_passed=False, packages_skip_up_to=None, packages_start=None, packages_up_to=None, packages_up_to_regex=None, parallel_workers=8, paths=None, symlink_install=True, test_result_base=None, verb_extension=<colcon_core.verb.build.BuildVerb object at 0x7f591d4d0c40>, verb_name='build', verb_parser=<colcon_defaults.argument_parser.defaults.DefaultArgumentsDecorator object at 0x7f591d4611f0>)
[0.148s] Level 1:colcon.colcon_core.package_discovery:discover_packages(colcon_meta) check parameters
[0.148s] Level 1:colcon.colcon_core.package_discovery:discover_packages(recursive) check parameters
[0.148s] Level 1:colcon.colcon_core.package_discovery:discover_packages(ignore) check parameters
[0.148s] Level 1:colcon.colcon_core.package_discovery:discover_packages(path) check parameters
[0.148s] Level 1:colcon.colcon_core.package_discovery:discover_packages(colcon_meta) discover
[0.148s] Level 1:colcon.colcon_core.package_discovery:discover_packages(recursive) discover
[0.148s] INFO:colcon.colcon_core.package_discovery:Crawling recursively for packages in '/home/dev/Desktop/dev_ws'
[0.148s] Level 1:colcon.colcon_core.package_identification:_identify(.) by extensions ['ignore', 'ignore_ament_install']
[0.148s] Level 1:colcon.colcon_core.package_identification:_identify(.) by extension 'ignore'
[0.148s] Level 1:colcon.colcon_core.package_identification:_identify(.) by extension 'ignore_ament_install'
[0.148s] Level 1:colcon.colcon_core.package_identification:_identify(.) by extensions ['colcon_pkg']
[0.149s] Level 1:colcon.colcon_core.package_identification:_identify(.) by extension 'colcon_pkg'
[0.149s] Level 1:colcon.colcon_core.package_identification:_identify(.) by extensions ['colcon_meta']
[0.149s] Level 1:colcon.colcon_core.package_identification:_identify(.) by extension 'colcon_meta'
[0.149s] Level 1:colcon.colcon_core.package_identification:_identify(.) by extensions ['ros']
[0.149s] Level 1:colcon.colcon_core.package_identification:_identify(.) by extension 'ros'
[0.158s] Level 1:colcon.colcon_core.package_identification:_identify(.) by extensions ['cmake', 'python']
[0.158s] Level 1:colcon.colcon_core.package_identification:_identify(.) by extension 'cmake'
[0.158s] Level 1:colcon.colcon_core.package_identification:_identify(.) by extension 'python'
[0.158s] Level 1:colcon.colcon_core.package_identification:_identify(.) by extensions ['python_setup_py']
[0.158s] Level 1:colcon.colcon_core.package_identification:_identify(.) by extension 'python_setup_py'
[0.158s] Level 1:colcon.colcon_core.package_identification:_identify(build) by extensions ['ignore', 'ignore_ament_install']
[0.158s] Level 1:colcon.colcon_core.package_identification:_identify(build) by extension 'ignore'
[0.158s] Level 1:colcon.colcon_core.package_identification:_identify(build) ignored
[0.158s] Level 1:colcon.colcon_core.package_identification:_identify(carr-e-2) by extensions ['ignore', 'ignore_ament_install']
[0.158s] Level 1:colcon.colcon_core.package_identification:_identify(carr-e-2) by extension 'ignore'
[0.158s] Level 1:colcon.colcon_core.package_identification:_identify(carr-e-2) by extension 'ignore_ament_install'
[0.158s] Level 1:colcon.colcon_core.package_identification:_identify(carr-e-2) by extensions ['colcon_pkg']
[0.158s] Level 1:colcon.colcon_core.package_identification:_identify(carr-e-2) by extension 'colcon_pkg'
[0.158s] Level 1:colcon.colcon_core.package_identification:_identify(carr-e-2) by extensions ['colcon_meta']
[0.158s] Level 1:colcon.colcon_core.package_identification:_identify(carr-e-2) by extension 'colcon_meta'
[0.158s] Level 1:colcon.colcon_core.package_identification:_identify(carr-e-2) by extensions ['ros']
[0.158s] Level 1:colcon.colcon_core.package_identification:_identify(carr-e-2) by extension 'ros'
[0.161s] DEBUG:colcon.colcon_core.package_identification:Package 'carr-e-2' with type 'ros.ament_cmake' and name 'carr-e-2'
[0.161s] Level 1:colcon.colcon_core.package_identification:_identify(install) by extensions ['ignore', 'ignore_ament_install']
[0.161s] Level 1:colcon.colcon_core.package_identification:_identify(install) by extension 'ignore'
[0.161s] Level 1:colcon.colcon_core.package_identification:_identify(install) ignored
[0.161s] Level 1:colcon.colcon_core.package_identification:_identify(joy_tester) by extensions ['ignore', 'ignore_ament_install']
[0.161s] Level 1:colcon.colcon_core.package_identification:_identify(joy_tester) by extension 'ignore'
[0.161s] Level 1:colcon.colcon_core.package_identification:_identify(joy_tester) by extension 'ignore_ament_install'
[0.161s] Level 1:colcon.colcon_core.package_identification:_identify(joy_tester) by extensions ['colcon_pkg']
[0.161s] Level 1:colcon.colcon_core.package_identification:_identify(joy_tester) by extension 'colcon_pkg'
[0.161s] Level 1:colcon.colcon_core.package_identification:_identify(joy_tester) by extensions ['colcon_meta']
[0.161s] Level 1:colcon.colcon_core.package_identification:_identify(joy_tester) by extension 'colcon_meta'
[0.161s] Level 1:colcon.colcon_core.package_identification:_identify(joy_tester) by extensions ['ros']
[0.161s] Level 1:colcon.colcon_core.package_identification:_identify(joy_tester) by extension 'ros'
[0.162s] DEBUG:colcon.colcon_core.package_identification:Package 'joy_tester' with type 'ros.ament_python' and name 'joy_tester'
[0.162s] Level 1:colcon.colcon_core.package_identification:_identify(log) by extensions ['ignore', 'ignore_ament_install']
[0.162s] Level 1:colcon.colcon_core.package_identification:_identify(log) by extension 'ignore'
[0.162s] Level 1:colcon.colcon_core.package_identification:_identify(log) ignored
[0.162s] Level 1:colcon.colcon_core.package_discovery:discover_packages(recursive) using defaults
[0.162s] Level 1:colcon.colcon_core.package_discovery:discover_packages(ignore) discover
[0.162s] Level 1:colcon.colcon_core.package_discovery:discover_packages(ignore) using defaults
[0.162s] Level 1:colcon.colcon_core.package_discovery:discover_packages(path) discover
[0.162s] Level 1:colcon.colcon_core.package_discovery:discover_packages(path) using defaults
[0.194s] Level 1:colcon.colcon_core.package_discovery:discover_packages(prefix_path) check parameters
[0.194s] Level 1:colcon.colcon_core.package_discovery:discover_packages(prefix_path) discover
[0.197s] DEBUG:colcon.colcon_installed_package_information.package_discovery:Found 379 installed packages in /opt/ros/foxy
[0.200s] Level 1:colcon.colcon_core.package_discovery:discover_packages(prefix_path) using defaults
[0.270s] Level 5:colcon.colcon_core.verb:set package 'carr-e-2' build argument 'cmake_args' from command line to 'None'
[0.270s] Level 5:colcon.colcon_core.verb:set package 'carr-e-2' build argument 'cmake_target' from command line to 'None'
[0.270s] Level 5:colcon.colcon_core.verb:set package 'carr-e-2' build argument 'cmake_target_skip_unavailable' from command line to 'False'
[0.270s] Level 5:colcon.colcon_core.verb:set package 'carr-e-2' build argument 'cmake_clean_cache' from command line to 'False'
[0.270s] Level 5:colcon.colcon_core.verb:set package 'carr-e-2' build argument 'cmake_clean_first' from command line to 'False'
[0.270s] Level 5:colcon.colcon_core.verb:set package 'carr-e-2' build argument 'cmake_force_configure' from command line to 'False'
[0.270s] Level 5:colcon.colcon_core.verb:set package 'carr-e-2' build argument 'ament_cmake_args' from command line to 'None'
[0.270s] Level 5:colcon.colcon_core.verb:set package 'carr-e-2' build argument 'catkin_cmake_args' from command line to 'None'
[0.270s] Level 5:colcon.colcon_core.verb:set package 'carr-e-2' build argument 'catkin_skip_building_tests' from command line to 'False'
[0.270s] DEBUG:colcon.colcon_core.verb:Building package 'carr-e-2' with the following arguments: {'ament_cmake_args': None, 'build_base': '/home/dev/Desktop/dev_ws/build/carr-e-2', 'catkin_cmake_args': None, 'catkin_skip_building_tests': False, 'cmake_args': None, 'cmake_clean_cache': False, 'cmake_clean_first': False, 'cmake_force_configure': False, 'cmake_target': None, 'cmake_target_skip_unavailable': False, 'install_base': '/home/dev/Desktop/dev_ws/install/carr-e-2', 'merge_install': False, 'path': '/home/dev/Desktop/dev_ws/carr-e-2', 'symlink_install': True, 'test_result_base': None}
[0.271s] Level 5:colcon.colcon_core.verb:set package 'joy_tester' build argument 'cmake_args' from command line to 'None'
[0.271s] Level 5:colcon.colcon_core.verb:set package 'joy_tester' build argument 'cmake_target' from command line to 'None'
[0.271s] Level 5:colcon.colcon_core.verb:set package 'joy_tester' build argument 'cmake_target_skip_unavailable' from command line to 'False'
[0.271s] Level 5:colcon.colcon_core.verb:set package 'joy_tester' build argument 'cmake_clean_cache' from command line to 'False'
[0.271s] Level 5:colcon.colcon_core.verb:set package 'joy_tester' build argument 'cmake_clean_first' from command line to 'False'
[0.271s] Level 5:colcon.colcon_core.verb:set package 'joy_tester' build argument 'cmake_force_configure' from command line to 'False'
[0.271s] Level 5:colcon.colcon_core.verb:set package 'joy_tester' build argument 'ament_cmake_args' from command line to 'None'
[0.271s] Level 5:colcon.colcon_core.verb:set package 'joy_tester' build argument 'catkin_cmake_args' from command line to 'None'
[0.271s] Level 5:colcon.colcon_core.verb:set package 'joy_tester' build argument 'catkin_skip_building_tests' from command line to 'False'
[0.271s] DEBUG:colcon.colcon_core.verb:Building package 'joy_tester' with the following arguments: {'ament_cmake_args': None, 'build_base': '/home/dev/Desktop/dev_ws/build/joy_tester', 'catkin_cmake_args': None, 'catkin_skip_building_tests': False, 'cmake_args': None, 'cmake_clean_cache': False, 'cmake_clean_first': False, 'cmake_force_configure': False, 'cmake_target': None, 'cmake_target_skip_unavailable': False, 'install_base': '/home/dev/Desktop/dev_ws/install/joy_tester', 'merge_install': False, 'path': '/home/dev/Desktop/dev_ws/joy_tester', 'symlink_install': True, 'test_result_base': None}
[0.272s] INFO:colcon.colcon_core.executor:Executing jobs using 'parallel' executor
[0.275s] DEBUG:colcon.colcon_parallel_executor.executor.parallel:run_until_complete
[0.275s] INFO:colcon.colcon_ros.task.ament_cmake.build:Building ROS package in '/home/dev/Desktop/dev_ws/carr-e-2' with build type 'ament_cmake'
[0.275s] INFO:colcon.colcon_cmake.task.cmake.build:Building CMake package in '/home/dev/Desktop/dev_ws/carr-e-2'
[0.280s] INFO:colcon.colcon_core.plugin_system:Skipping extension 'colcon_core.shell.bat': Not used on non-Windows systems
[0.280s] INFO:colcon.colcon_core.shell:Skip shell extension 'powershell' for command environment: Not usable outside of PowerShell
[0.280s] DEBUG:colcon.colcon_core.shell:Skip shell extension 'dsv' for command environment
[0.286s] INFO:colcon.colcon_ros.task.ament_python.build:Building ROS package in '/home/dev/Desktop/dev_ws/joy_tester' with build type 'ament_python'
[0.286s] Level 1:colcon.colcon_core.shell:create_environment_hook('joy_tester', 'ament_prefix_path')
[0.287s] INFO:colcon.colcon_core.shell:Creating environment hook '/home/dev/Desktop/dev_ws/install/joy_tester/share/joy_tester/hook/ament_prefix_path.ps1'
[0.288s] INFO:colcon.colcon_core.shell:Creating environment descriptor '/home/dev/Desktop/dev_ws/install/joy_tester/share/joy_tester/hook/ament_prefix_path.dsv'
[0.289s] INFO:colcon.colcon_core.shell:Creating environment hook '/home/dev/Desktop/dev_ws/install/joy_tester/share/joy_tester/hook/ament_prefix_path.sh'
[0.290s] INFO:colcon.colcon_core.shell:Skip shell extension 'powershell' for command environment: Not usable outside of PowerShell
[0.290s] DEBUG:colcon.colcon_core.shell:Skip shell extension 'dsv' for command environment
[0.302s] DEBUG:colcon.colcon_core.event_handler.log_command:Invoking command in '/home/dev/Desktop/dev_ws/build/carr-e-2': CMAKE_PREFIX_PATH=/opt/ros/foxy /usr/bin/cmake --build /home/dev/Desktop/dev_ws/build/carr-e-2 -- -j8 -l8
[0.490s] INFO:colcon.colcon_core.task.python.build:Building Python package in '/home/dev/Desktop/dev_ws/joy_tester'
[0.492s] INFO:colcon.colcon_core.shell:Skip shell extension 'powershell' for command environment: Not usable outside of PowerShell
[0.492s] DEBUG:colcon.colcon_core.shell:Skip shell extension 'dsv' for command environment
[0.497s] DEBUG:colcon.colcon_core.event_handler.log_command:Invoked command in '/home/dev/Desktop/dev_ws/build/carr-e-2' returned '0': CMAKE_PREFIX_PATH=/opt/ros/foxy /usr/bin/cmake --build /home/dev/Desktop/dev_ws/build/carr-e-2 -- -j8 -l8
[0.527s] DEBUG:colcon.colcon_core.event_handler.log_command:Invoking command in '/home/dev/Desktop/dev_ws/build/carr-e-2': CMAKE_PREFIX_PATH=/opt/ros/foxy /usr/bin/cmake --install /home/dev/Desktop/dev_ws/build/carr-e-2
[0.549s] Level 1:colcon.colcon_core.environment:create_environment_scripts_only(carr-e-2)
[0.551s] DEBUG:colcon.colcon_core.event_handler.log_command:Invoked command in '/home/dev/Desktop/dev_ws/build/carr-e-2' returned '0': CMAKE_PREFIX_PATH=/opt/ros/foxy /usr/bin/cmake --install /home/dev/Desktop/dev_ws/build/carr-e-2
[0.554s] Level 1:colcon.colcon_core.environment:checking '/home/dev/Desktop/dev_ws/install/carr-e-2' for CMake module files
[0.554s] Level 1:colcon.colcon_core.environment:checking '/home/dev/Desktop/dev_ws/install/carr-e-2' for CMake config files
[0.555s] Level 1:colcon.colcon_core.shell:create_environment_hook('carr-e-2', 'cmake_prefix_path')
[0.556s] INFO:colcon.colcon_core.shell:Creating environment hook '/home/dev/Desktop/dev_ws/install/carr-e-2/share/carr-e-2/hook/cmake_prefix_path.ps1'
[0.556s] INFO:colcon.colcon_core.shell:Creating environment descriptor '/home/dev/Desktop/dev_ws/install/carr-e-2/share/carr-e-2/hook/cmake_prefix_path.dsv'
[0.556s] INFO:colcon.colcon_core.shell:Creating environment hook '/home/dev/Desktop/dev_ws/install/carr-e-2/share/carr-e-2/hook/cmake_prefix_path.sh'
[0.557s] Level 1:colcon.colcon_core.environment:checking '/home/dev/Desktop/dev_ws/install/carr-e-2/bin'
[0.557s] Level 1:colcon.colcon_core.environment:checking '/home/dev/Desktop/dev_ws/install/carr-e-2/lib/pkgconfig/carr-e-2.pc'
[0.557s] Level 1:colcon.colcon_core.environment:checking '/home/dev/Desktop/dev_ws/install/carr-e-2/lib/python3.8/site-packages'
[0.557s] Level 1:colcon.colcon_core.environment:checking '/home/dev/Desktop/dev_ws/install/carr-e-2/bin'
[0.558s] INFO:colcon.colcon_core.shell:Creating package script '/home/dev/Desktop/dev_ws/install/carr-e-2/share/carr-e-2/package.ps1'
[0.559s] INFO:colcon.colcon_core.shell:Creating package descriptor '/home/dev/Desktop/dev_ws/install/carr-e-2/share/carr-e-2/package.dsv'
[0.559s] INFO:colcon.colcon_core.shell:Creating package script '/home/dev/Desktop/dev_ws/install/carr-e-2/share/carr-e-2/package.sh'
[0.560s] INFO:colcon.colcon_core.shell:Creating package script '/home/dev/Desktop/dev_ws/install/carr-e-2/share/carr-e-2/package.bash'
[0.560s] INFO:colcon.colcon_core.shell:Creating package script '/home/dev/Desktop/dev_ws/install/carr-e-2/share/carr-e-2/package.zsh'
[0.561s] Level 1:colcon.colcon_core.environment:create_file_with_runtime_dependencies(/home/dev/Desktop/dev_ws/install/carr-e-2/share/colcon-core/packages/carr-e-2)
[0.580s] Level 1:colcon.colcon_core.environment:create_environment_scripts_only(carr-e-2)
[0.583s] Level 1:colcon.colcon_core.environment:checking '/home/dev/Desktop/dev_ws/install/carr-e-2' for CMake module files
[0.583s] Level 1:colcon.colcon_core.environment:checking '/home/dev/Desktop/dev_ws/install/carr-e-2' for CMake config files
[0.584s] Level 1:colcon.colcon_core.shell:create_environment_hook('carr-e-2', 'cmake_prefix_path')
[0.585s] INFO:colcon.colcon_core.shell:Creating environment hook '/home/dev/Desktop/dev_ws/install/carr-e-2/share/carr-e-2/hook/cmake_prefix_path.ps1'
[0.585s] INFO:colcon.colcon_core.shell:Creating environment descriptor '/home/dev/Desktop/dev_ws/install/carr-e-2/share/carr-e-2/hook/cmake_prefix_path.dsv'
[0.586s] INFO:colcon.colcon_core.shell:Creating environment hook '/home/dev/Desktop/dev_ws/install/carr-e-2/share/carr-e-2/hook/cmake_prefix_path.sh'
[0.586s] Level 1:colcon.colcon_core.environment:checking '/home/dev/Desktop/dev_ws/install/carr-e-2/bin'
[0.586s] Level 1:colcon.colcon_core.environment:checking '/home/dev/Desktop/dev_ws/install/carr-e-2/lib/pkgconfig/carr-e-2.pc'
[0.586s] Level 1:colcon.colcon_core.environment:checking '/home/dev/Desktop/dev_ws/install/carr-e-2/lib/python3.8/site-packages'
[0.587s] Level 1:colcon.colcon_core.environment:checking '/home/dev/Desktop/dev_ws/install/carr-e-2/bin'
[0.588s] INFO:colcon.colcon_core.shell:Creating package script '/home/dev/Desktop/dev_ws/install/carr-e-2/share/carr-e-2/package.ps1'
[0.588s] INFO:colcon.colcon_core.shell:Creating package descriptor '/home/dev/Desktop/dev_ws/install/carr-e-2/share/carr-e-2/package.dsv'
[0.589s] INFO:colcon.colcon_core.shell:Creating package script '/home/dev/Desktop/dev_ws/install/carr-e-2/share/carr-e-2/package.sh'
[0.589s] INFO:colcon.colcon_core.shell:Creating package script '/home/dev/Desktop/dev_ws/install/carr-e-2/share/carr-e-2/package.bash'
[0.589s] INFO:colcon.colcon_core.shell:Creating package script '/home/dev/Desktop/dev_ws/install/carr-e-2/share/carr-e-2/package.zsh'
[0.589s] Level 1:colcon.colcon_core.environment:create_file_with_runtime_dependencies(/home/dev/Desktop/dev_ws/install/carr-e-2/share/colcon-core/packages/carr-e-2)
[0.828s] DEBUG:colcon.colcon_core.event_handler.log_command:Invoking command in '/home/dev/Desktop/dev_ws/build/joy_tester': PYTHONPATH=/home/dev/Desktop/dev_ws/build/joy_tester/prefix_override:/home/dev/Desktop/dev_ws/install/joy_tester/lib/python3.8/site-packages:${PYTHONPATH} /usr/bin/python3 setup.py develop --editable --build-directory /home/dev/Desktop/dev_ws/build/joy_tester/build --no-deps install_data
[1.201s] Level 1:colcon.colcon_core.shell:create_environment_hook('joy_tester', 'pythonpath_develop')
[1.203s] INFO:colcon.colcon_core.shell:Creating environment hook '/home/dev/Desktop/dev_ws/build/joy_tester/share/joy_tester/hook/pythonpath_develop.ps1'
[1.203s] DEBUG:colcon.colcon_core.event_handler.log_command:Invoked command in '/home/dev/Desktop/dev_ws/build/joy_tester' returned '0': PYTHONPATH=/home/dev/Desktop/dev_ws/build/joy_tester/prefix_override:/home/dev/Desktop/dev_ws/install/joy_tester/lib/python3.8/site-packages:${PYTHONPATH} /usr/bin/python3 setup.py develop --editable --build-directory /home/dev/Desktop/dev_ws/build/joy_tester/build --no-deps install_data
[1.204s] INFO:colcon.colcon_core.shell:Creating environment descriptor '/home/dev/Desktop/dev_ws/build/joy_tester/share/joy_tester/hook/pythonpath_develop.dsv'
[1.204s] INFO:colcon.colcon_core.shell:Creating environment hook '/home/dev/Desktop/dev_ws/build/joy_tester/share/joy_tester/hook/pythonpath_develop.sh'
[1.206s] Level 1:colcon.colcon_core.environment:checking '/home/dev/Desktop/dev_ws/install/joy_tester' for CMake module files
[1.206s] Level 1:colcon.colcon_core.environment:checking '/home/dev/Desktop/dev_ws/install/joy_tester' for CMake config files
[1.207s] Level 1:colcon.colcon_core.environment:checking '/home/dev/Desktop/dev_ws/install/joy_tester/lib'
[1.207s] Level 1:colcon.colcon_core.environment:checking '/home/dev/Desktop/dev_ws/install/joy_tester/bin'
[1.207s] Level 1:colcon.colcon_core.environment:checking '/home/dev/Desktop/dev_ws/install/joy_tester/lib/pkgconfig/joy_tester.pc'
[1.207s] Level 1:colcon.colcon_core.environment:checking '/home/dev/Desktop/dev_ws/install/joy_tester/lib/python3.8/site-packages'
[1.208s] Level 1:colcon.colcon_core.shell:create_environment_hook('joy_tester', 'pythonpath')
[1.209s] INFO:colcon.colcon_core.shell:Creating environment hook '/home/dev/Desktop/dev_ws/install/joy_tester/share/joy_tester/hook/pythonpath.ps1'
[1.209s] INFO:colcon.colcon_core.shell:Creating environment descriptor '/home/dev/Desktop/dev_ws/install/joy_tester/share/joy_tester/hook/pythonpath.dsv'
[1.209s] INFO:colcon.colcon_core.shell:Creating environment hook '/home/dev/Desktop/dev_ws/install/joy_tester/share/joy_tester/hook/pythonpath.sh'
[1.209s] Level 1:colcon.colcon_core.environment:checking '/home/dev/Desktop/dev_ws/install/joy_tester/bin'
[1.209s] Level 1:colcon.colcon_core.environment:create_environment_scripts_only(joy_tester)
[1.210s] INFO:colcon.colcon_core.shell:Creating package script '/home/dev/Desktop/dev_ws/install/joy_tester/share/joy_tester/package.ps1'
[1.211s] INFO:colcon.colcon_core.shell:Creating package descriptor '/home/dev/Desktop/dev_ws/install/joy_tester/share/joy_tester/package.dsv'
[1.211s] INFO:colcon.colcon_core.shell:Creating package script '/home/dev/Desktop/dev_ws/install/joy_tester/share/joy_tester/package.sh'
[1.212s] INFO:colcon.colcon_core.shell:Creating package script '/home/dev/Desktop/dev_ws/install/joy_tester/share/joy_tester/package.bash'
[1.212s] INFO:colcon.colcon_core.shell:Creating package script '/home/dev/Desktop/dev_ws/install/joy_tester/share/joy_tester/package.zsh'
[1.212s] Level 1:colcon.colcon_core.environment:create_file_with_runtime_dependencies(/home/dev/Desktop/dev_ws/install/joy_tester/share/colcon-core/packages/joy_tester)
[1.212s] DEBUG:colcon.colcon_parallel_executor.executor.parallel:closing loop
[1.213s] DEBUG:colcon.colcon_parallel_executor.executor.parallel:loop closed
[1.213s] DEBUG:colcon.colcon_parallel_executor.executor.parallel:run_until_complete finished with '0'
[1.213s] DEBUG:colcon.colcon_core.event_reactor:joining thread
[1.219s] INFO:colcon.colcon_core.plugin_system:Skipping extension 'colcon_notification.desktop_notification.terminal_notifier': Not used on non-Darwin systems
[1.219s] INFO:colcon.colcon_core.plugin_system:Skipping extension 'colcon_notification.desktop_notification.win32': Not used on non-Windows systems
[1.220s] INFO:colcon.colcon_notification.desktop_notification:Sending desktop notification using 'notify2'
[1.232s] DEBUG:colcon.colcon_core.event_reactor:joined thread
[1.235s] INFO:colcon.colcon_core.shell:Creating prefix script '/home/dev/Desktop/dev_ws/install/local_setup.ps1'
[1.236s] INFO:colcon.colcon_core.shell:Creating prefix util module '/home/dev/Desktop/dev_ws/install/_local_setup_util_ps1.py'
[1.238s] INFO:colcon.colcon_core.shell:Creating prefix chain script '/home/dev/Desktop/dev_ws/install/setup.ps1'
[1.240s] INFO:colcon.colcon_core.shell:Creating prefix script '/home/dev/Desktop/dev_ws/install/local_setup.sh'
[1.240s] INFO:colcon.colcon_core.shell:Creating prefix util module '/home/dev/Desktop/dev_ws/install/_local_setup_util_sh.py'
[1.241s] INFO:colcon.colcon_core.shell:Creating prefix chain script '/home/dev/Desktop/dev_ws/install/setup.sh'
[1.242s] INFO:colcon.colcon_core.shell:Creating prefix script '/home/dev/Desktop/dev_ws/install/local_setup.bash'
[1.242s] INFO:colcon.colcon_core.shell:Creating prefix chain script '/home/dev/Desktop/dev_ws/install/setup.bash'
[1.243s] INFO:colcon.colcon_core.shell:Creating prefix script '/home/dev/Desktop/dev_ws/install/local_setup.zsh'
[1.243s] INFO:colcon.colcon_core.shell:Creating prefix chain script '/home/dev/Desktop/dev_ws/install/setup.zsh'
