-- Found ament_cmake: 0.9.11 (/opt/ros/foxy/share/ament_cmake/cmake)
-- Using PYTHON_EXECUTABLE: /usr/bin/python3
-- Override CMake install command with custom implementation using symlinks instead of copying resources
-- Found ament_lint_auto: 0.9.7 (/opt/ros/foxy/share/ament_lint_auto/cmake)
-- Added test 'copyright' to check source files copyright and LICENSE
-- Added test 'flake8' to check Python code syntax and style conventions
-- Added test 'lint_cmake' to check CMake code style
-- Added test 'pep257' to check Python code against some of the style conventions in PEP 257
-- Added test 'xmllint' to check XML markup files
-- Configuring done
-- Generating done
-- Build files have been written to: /home/dev/Desktop/dev_ws/build/carr-e-2
-- Install configuration: ""
-- Execute custom install script
-- Symlinking: /home/dev/Desktop/dev_ws/install/carr-e-2/share/carr-e-2/config/empty.yaml
-- Symlinking: /home/dev/Desktop/dev_ws/install/carr-e-2/share/carr-e-2/description/robot.urdf.xacro
-- Symlinking: /home/dev/Desktop/dev_ws/install/carr-e-2/share/carr-e-2/launch/rsp.launch.py
-- Symlinking: /home/dev/Desktop/dev_ws/install/carr-e-2/share/carr-e-2/worlds/empty.world
-- Up-to-date symlink: /home/dev/Desktop/dev_ws/install/carr-e-2/share/ament_index/resource_index/package_run_dependencies/carr-e-2
-- Up-to-date symlink: /home/dev/Desktop/dev_ws/install/carr-e-2/share/ament_index/resource_index/parent_prefix_path/carr-e-2
-- Up-to-date symlink: /home/dev/Desktop/dev_ws/install/carr-e-2/share/carr-e-2/environment/ament_prefix_path.sh
-- Up-to-date symlink: /home/dev/Desktop/dev_ws/install/carr-e-2/share/carr-e-2/environment/ament_prefix_path.dsv
-- Up-to-date symlink: /home/dev/Desktop/dev_ws/install/carr-e-2/share/carr-e-2/environment/path.sh
-- Up-to-date symlink: /home/dev/Desktop/dev_ws/install/carr-e-2/share/carr-e-2/environment/path.dsv
-- Up-to-date symlink: /home/dev/Desktop/dev_ws/install/carr-e-2/share/carr-e-2/local_setup.bash
-- Up-to-date symlink: /home/dev/Desktop/dev_ws/install/carr-e-2/share/carr-e-2/local_setup.sh
-- Up-to-date symlink: /home/dev/Desktop/dev_ws/install/carr-e-2/share/carr-e-2/local_setup.zsh
-- Up-to-date symlink: /home/dev/Desktop/dev_ws/install/carr-e-2/share/carr-e-2/local_setup.dsv
-- Symlinking: /home/dev/Desktop/dev_ws/install/carr-e-2/share/carr-e-2/package.dsv
-- Up-to-date symlink: /home/dev/Desktop/dev_ws/install/carr-e-2/share/ament_index/resource_index/packages/carr-e-2
-- Up-to-date symlink: /home/dev/Desktop/dev_ws/install/carr-e-2/share/carr-e-2/cmake/carr-e-2Config.cmake
-- Up-to-date symlink: /home/dev/Desktop/dev_ws/install/carr-e-2/share/carr-e-2/cmake/carr-e-2Config-version.cmake
-- Up-to-date symlink: /home/dev/Desktop/dev_ws/install/carr-e-2/share/carr-e-2/package.xml
