[0.217s] DEBUG:colcon:Command line arguments: ['/usr/bin/colcon', 'build', '--symlink-install']
[0.217s] DEBUG:colcon:Parsed command line arguments: Namespace(allow_overriding=[], ament_cmake_args=None, base_paths=['.'], build_base='build', catkin_cmake_args=None, catkin_skip_building_tests=False, cmake_args=None, cmake_clean_cache=False, cmake_clean_first=False, cmake_force_configure=False, cmake_target=None, cmake_target_skip_unavailable=False, continue_on_error=False, event_handlers=None, executor='parallel', ignore_user_meta=False, install_base='install', log_base=None, log_level=None, main=<bound method BuildVerb.main of <colcon_core.verb.build.BuildVerb object at 0x7f2d68d0be50>>, merge_install=False, metas=['./colcon.meta'], packages_above=None, packages_above_and_dependencies=None, packages_above_depth=None, packages_end=None, packages_ignore=None, packages_ignore_regex=None, packages_select=None, packages_select_build_failed=False, packages_select_by_dep=None, packages_select_regex=None, packages_select_test_failures=False, packages_skip=None, packages_skip_build_finished=False, packages_skip_by_dep=None, packages_skip_regex=None, packages_skip_test_passed=False, packages_skip_up_to=None, packages_start=None, packages_up_to=None, packages_up_to_regex=None, parallel_workers=8, paths=None, symlink_install=True, test_result_base=None, verb_extension=<colcon_core.verb.build.BuildVerb object at 0x7f2d68d0be50>, verb_name='build', verb_parser=<colcon_defaults.argument_parser.defaults.DefaultArgumentsDecorator object at 0x7f2d68d15400>)
[0.250s] Level 1:colcon.colcon_core.package_discovery:discover_packages(colcon_meta) check parameters
[0.250s] Level 1:colcon.colcon_core.package_discovery:discover_packages(recursive) check parameters
[0.251s] Level 1:colcon.colcon_core.package_discovery:discover_packages(ignore) check parameters
[0.251s] Level 1:colcon.colcon_core.package_discovery:discover_packages(path) check parameters
[0.251s] Level 1:colcon.colcon_core.package_discovery:discover_packages(colcon_meta) discover
[0.251s] Level 1:colcon.colcon_core.package_discovery:discover_packages(recursive) discover
[0.251s] INFO:colcon.colcon_core.package_discovery:Crawling recursively for packages in '/home/dev/Desktop/dev_ws'
[0.251s] Level 1:colcon.colcon_core.package_identification:_identify(.) by extensions ['ignore', 'ignore_ament_install']
[0.251s] Level 1:colcon.colcon_core.package_identification:_identify(.) by extension 'ignore'
[0.251s] Level 1:colcon.colcon_core.package_identification:_identify(.) by extension 'ignore_ament_install'
[0.251s] Level 1:colcon.colcon_core.package_identification:_identify(.) by extensions ['colcon_pkg']
[0.251s] Level 1:colcon.colcon_core.package_identification:_identify(.) by extension 'colcon_pkg'
[0.252s] Level 1:colcon.colcon_core.package_identification:_identify(.) by extensions ['colcon_meta']
[0.252s] Level 1:colcon.colcon_core.package_identification:_identify(.) by extension 'colcon_meta'
[0.252s] Level 1:colcon.colcon_core.package_identification:_identify(.) by extensions ['ros']
[0.252s] Level 1:colcon.colcon_core.package_identification:_identify(.) by extension 'ros'
[0.266s] Level 1:colcon.colcon_core.package_identification:_identify(.) by extensions ['cmake', 'python']
[0.266s] Level 1:colcon.colcon_core.package_identification:_identify(.) by extension 'cmake'
[0.266s] Level 1:colcon.colcon_core.package_identification:_identify(.) by extension 'python'
[0.267s] Level 1:colcon.colcon_core.package_identification:_identify(.) by extensions ['python_setup_py']
[0.267s] Level 1:colcon.colcon_core.package_identification:_identify(.) by extension 'python_setup_py'
[0.267s] Level 1:colcon.colcon_core.package_identification:_identify(build) by extensions ['ignore', 'ignore_ament_install']
[0.267s] Level 1:colcon.colcon_core.package_identification:_identify(build) by extension 'ignore'
[0.267s] Level 1:colcon.colcon_core.package_identification:_identify(build) ignored
[0.268s] Level 1:colcon.colcon_core.package_identification:_identify(carr-e-2) by extensions ['ignore', 'ignore_ament_install']
[0.268s] Level 1:colcon.colcon_core.package_identification:_identify(carr-e-2) by extension 'ignore'
[0.268s] Level 1:colcon.colcon_core.package_identification:_identify(carr-e-2) by extension 'ignore_ament_install'
[0.268s] Level 1:colcon.colcon_core.package_identification:_identify(carr-e-2) by extensions ['colcon_pkg']
[0.268s] Level 1:colcon.colcon_core.package_identification:_identify(carr-e-2) by extension 'colcon_pkg'
[0.268s] Level 1:colcon.colcon_core.package_identification:_identify(carr-e-2) by extensions ['colcon_meta']
[0.268s] Level 1:colcon.colcon_core.package_identification:_identify(carr-e-2) by extension 'colcon_meta'
[0.268s] Level 1:colcon.colcon_core.package_identification:_identify(carr-e-2) by extensions ['ros']
[0.268s] Level 1:colcon.colcon_core.package_identification:_identify(carr-e-2) by extension 'ros'
[0.272s] DEBUG:colcon.colcon_core.package_identification:Package 'carr-e-2' with type 'ros.ament_cmake' and name 'carr-e-2'
[0.273s] Level 1:colcon.colcon_core.package_identification:_identify(install) by extensions ['ignore', 'ignore_ament_install']
[0.273s] Level 1:colcon.colcon_core.package_identification:_identify(install) by extension 'ignore'
[0.273s] Level 1:colcon.colcon_core.package_identification:_identify(install) ignored
[0.273s] Level 1:colcon.colcon_core.package_identification:_identify(joy_tester) by extensions ['ignore', 'ignore_ament_install']
[0.273s] Level 1:colcon.colcon_core.package_identification:_identify(joy_tester) by extension 'ignore'
[0.273s] Level 1:colcon.colcon_core.package_identification:_identify(joy_tester) by extension 'ignore_ament_install'
[0.273s] Level 1:colcon.colcon_core.package_identification:_identify(joy_tester) by extensions ['colcon_pkg']
[0.273s] Level 1:colcon.colcon_core.package_identification:_identify(joy_tester) by extension 'colcon_pkg'
[0.273s] Level 1:colcon.colcon_core.package_identification:_identify(joy_tester) by extensions ['colcon_meta']
[0.274s] Level 1:colcon.colcon_core.package_identification:_identify(joy_tester) by extension 'colcon_meta'
[0.274s] Level 1:colcon.colcon_core.package_identification:_identify(joy_tester) by extensions ['ros']
[0.274s] Level 1:colcon.colcon_core.package_identification:_identify(joy_tester) by extension 'ros'
[0.275s] DEBUG:colcon.colcon_core.package_identification:Package 'joy_tester' with type 'ros.ament_python' and name 'joy_tester'
[0.275s] Level 1:colcon.colcon_core.package_identification:_identify(log) by extensions ['ignore', 'ignore_ament_install']
[0.275s] Level 1:colcon.colcon_core.package_identification:_identify(log) by extension 'ignore'
[0.275s] Level 1:colcon.colcon_core.package_identification:_identify(log) ignored
[0.275s] Level 1:colcon.colcon_core.package_discovery:discover_packages(recursive) using defaults
[0.275s] Level 1:colcon.colcon_core.package_discovery:discover_packages(ignore) discover
[0.275s] Level 1:colcon.colcon_core.package_discovery:discover_packages(ignore) using defaults
[0.275s] Level 1:colcon.colcon_core.package_discovery:discover_packages(path) discover
[0.276s] Level 1:colcon.colcon_core.package_discovery:discover_packages(path) using defaults
[0.315s] Level 1:colcon.colcon_core.package_discovery:discover_packages(prefix_path) check parameters
[0.315s] Level 1:colcon.colcon_core.package_discovery:discover_packages(prefix_path) discover
[0.319s] DEBUG:colcon.colcon_installed_package_information.package_discovery:Found 2 installed packages in /home/dev/Desktop/dev_ws/install
[0.321s] DEBUG:colcon.colcon_installed_package_information.package_discovery:Found 294 installed packages in /opt/ros/foxy
[0.323s] Level 1:colcon.colcon_core.package_discovery:discover_packages(prefix_path) using defaults
[0.427s] Level 5:colcon.colcon_core.verb:set package 'carr-e-2' build argument 'cmake_args' from command line to 'None'
[0.427s] Level 5:colcon.colcon_core.verb:set package 'carr-e-2' build argument 'cmake_target' from command line to 'None'
[0.427s] Level 5:colcon.colcon_core.verb:set package 'carr-e-2' build argument 'cmake_target_skip_unavailable' from command line to 'False'
[0.427s] Level 5:colcon.colcon_core.verb:set package 'carr-e-2' build argument 'cmake_clean_cache' from command line to 'False'
[0.427s] Level 5:colcon.colcon_core.verb:set package 'carr-e-2' build argument 'cmake_clean_first' from command line to 'False'
[0.427s] Level 5:colcon.colcon_core.verb:set package 'carr-e-2' build argument 'cmake_force_configure' from command line to 'False'
[0.427s] Level 5:colcon.colcon_core.verb:set package 'carr-e-2' build argument 'ament_cmake_args' from command line to 'None'
[0.427s] Level 5:colcon.colcon_core.verb:set package 'carr-e-2' build argument 'catkin_cmake_args' from command line to 'None'
[0.427s] Level 5:colcon.colcon_core.verb:set package 'carr-e-2' build argument 'catkin_skip_building_tests' from command line to 'False'
[0.427s] DEBUG:colcon.colcon_core.verb:Building package 'carr-e-2' with the following arguments: {'ament_cmake_args': None, 'build_base': '/home/dev/Desktop/dev_ws/build/carr-e-2', 'catkin_cmake_args': None, 'catkin_skip_building_tests': False, 'cmake_args': None, 'cmake_clean_cache': False, 'cmake_clean_first': False, 'cmake_force_configure': False, 'cmake_target': None, 'cmake_target_skip_unavailable': False, 'install_base': '/home/dev/Desktop/dev_ws/install/carr-e-2', 'merge_install': False, 'path': '/home/dev/Desktop/dev_ws/carr-e-2', 'symlink_install': True, 'test_result_base': None}
[0.429s] Level 5:colcon.colcon_core.verb:set package 'joy_tester' build argument 'cmake_args' from command line to 'None'
[0.430s] Level 5:colcon.colcon_core.verb:set package 'joy_tester' build argument 'cmake_target' from command line to 'None'
[0.430s] Level 5:colcon.colcon_core.verb:set package 'joy_tester' build argument 'cmake_target_skip_unavailable' from command line to 'False'
[0.430s] Level 5:colcon.colcon_core.verb:set package 'joy_tester' build argument 'cmake_clean_cache' from command line to 'False'
[0.430s] Level 5:colcon.colcon_core.verb:set package 'joy_tester' build argument 'cmake_clean_first' from command line to 'False'
[0.430s] Level 5:colcon.colcon_core.verb:set package 'joy_tester' build argument 'cmake_force_configure' from command line to 'False'
[0.430s] Level 5:colcon.colcon_core.verb:set package 'joy_tester' build argument 'ament_cmake_args' from command line to 'None'
[0.430s] Level 5:colcon.colcon_core.verb:set package 'joy_tester' build argument 'catkin_cmake_args' from command line to 'None'
[0.430s] Level 5:colcon.colcon_core.verb:set package 'joy_tester' build argument 'catkin_skip_building_tests' from command line to 'False'
[0.430s] DEBUG:colcon.colcon_core.verb:Building package 'joy_tester' with the following arguments: {'ament_cmake_args': None, 'build_base': '/home/dev/Desktop/dev_ws/build/joy_tester', 'catkin_cmake_args': None, 'catkin_skip_building_tests': False, 'cmake_args': None, 'cmake_clean_cache': False, 'cmake_clean_first': False, 'cmake_force_configure': False, 'cmake_target': None, 'cmake_target_skip_unavailable': False, 'install_base': '/home/dev/Desktop/dev_ws/install/joy_tester', 'merge_install': False, 'path': '/home/dev/Desktop/dev_ws/joy_tester', 'symlink_install': True, 'test_result_base': None}
[0.431s] INFO:colcon.colcon_core.executor:Executing jobs using 'parallel' executor
[0.437s] DEBUG:colcon.colcon_parallel_executor.executor.parallel:run_until_complete
[0.437s] INFO:colcon.colcon_ros.task.ament_cmake.build:Building ROS package in '/home/dev/Desktop/dev_ws/carr-e-2' with build type 'ament_cmake'
[0.437s] INFO:colcon.colcon_cmake.task.cmake.build:Building CMake package in '/home/dev/Desktop/dev_ws/carr-e-2'
[0.445s] INFO:colcon.colcon_core.plugin_system:Skipping extension 'colcon_core.shell.bat': Not used on non-Windows systems
[0.445s] INFO:colcon.colcon_core.shell:Skip shell extension 'powershell' for command environment: Not usable outside of PowerShell
[0.445s] DEBUG:colcon.colcon_core.shell:Skip shell extension 'dsv' for command environment
[0.454s] INFO:colcon.colcon_ros.task.ament_python.build:Building ROS package in '/home/dev/Desktop/dev_ws/joy_tester' with build type 'ament_python'
[0.454s] Level 1:colcon.colcon_core.shell:create_environment_hook('joy_tester', 'ament_prefix_path')
[0.459s] INFO:colcon.colcon_core.shell:Creating environment hook '/home/dev/Desktop/dev_ws/install/joy_tester/share/joy_tester/hook/ament_prefix_path.ps1'
[0.461s] INFO:colcon.colcon_core.shell:Creating environment descriptor '/home/dev/Desktop/dev_ws/install/joy_tester/share/joy_tester/hook/ament_prefix_path.dsv'
[0.461s] INFO:colcon.colcon_core.shell:Creating environment hook '/home/dev/Desktop/dev_ws/install/joy_tester/share/joy_tester/hook/ament_prefix_path.sh'
[0.464s] INFO:colcon.colcon_core.shell:Skip shell extension 'powershell' for command environment: Not usable outside of PowerShell
[0.465s] DEBUG:colcon.colcon_core.shell:Skip shell extension 'dsv' for command environment
[0.485s] DEBUG:colcon.colcon_core.event_handler.log_command:Invoking command in '/home/dev/Desktop/dev_ws/build/carr-e-2': CMAKE_PREFIX_PATH=${CMAKE_PREFIX_PATH}:/home/dev/Desktop/dev_ws/install/joy_tester:/opt/ros/foxy /usr/bin/cmake --build /home/dev/Desktop/dev_ws/build/carr-e-2 -- -j8 -l8
[0.856s] INFO:colcon.colcon_core.task.python.build:Building Python package in '/home/dev/Desktop/dev_ws/joy_tester'
[0.859s] INFO:colcon.colcon_core.shell:Skip shell extension 'powershell' for command environment: Not usable outside of PowerShell
[0.859s] DEBUG:colcon.colcon_core.shell:Skip shell extension 'dsv' for command environment
[0.873s] DEBUG:colcon.colcon_core.event_handler.log_command:Invoked command in '/home/dev/Desktop/dev_ws/build/carr-e-2' returned '0': CMAKE_PREFIX_PATH=${CMAKE_PREFIX_PATH}:/home/dev/Desktop/dev_ws/install/joy_tester:/opt/ros/foxy /usr/bin/cmake --build /home/dev/Desktop/dev_ws/build/carr-e-2 -- -j8 -l8
[0.925s] DEBUG:colcon.colcon_core.event_handler.log_command:Invoking command in '/home/dev/Desktop/dev_ws/build/carr-e-2': CMAKE_PREFIX_PATH=${CMAKE_PREFIX_PATH}:/home/dev/Desktop/dev_ws/install/joy_tester:/opt/ros/foxy /usr/bin/cmake --install /home/dev/Desktop/dev_ws/build/carr-e-2
[0.979s] Level 1:colcon.colcon_core.environment:create_environment_scripts_only(carr-e-2)
[0.983s] DEBUG:colcon.colcon_core.event_handler.log_command:Invoked command in '/home/dev/Desktop/dev_ws/build/carr-e-2' returned '0': CMAKE_PREFIX_PATH=${CMAKE_PREFIX_PATH}:/home/dev/Desktop/dev_ws/install/joy_tester:/opt/ros/foxy /usr/bin/cmake --install /home/dev/Desktop/dev_ws/build/carr-e-2
[0.992s] Level 1:colcon.colcon_core.environment:checking '/home/dev/Desktop/dev_ws/install/carr-e-2' for CMake module files
[0.993s] Level 1:colcon.colcon_core.environment:checking '/home/dev/Desktop/dev_ws/install/carr-e-2' for CMake config files
[0.993s] Level 1:colcon.colcon_core.shell:create_environment_hook('carr-e-2', 'cmake_prefix_path')
[0.996s] INFO:colcon.colcon_core.shell:Creating environment hook '/home/dev/Desktop/dev_ws/install/carr-e-2/share/carr-e-2/hook/cmake_prefix_path.ps1'
[0.997s] INFO:colcon.colcon_core.shell:Creating environment descriptor '/home/dev/Desktop/dev_ws/install/carr-e-2/share/carr-e-2/hook/cmake_prefix_path.dsv'
[0.998s] INFO:colcon.colcon_core.shell:Creating environment hook '/home/dev/Desktop/dev_ws/install/carr-e-2/share/carr-e-2/hook/cmake_prefix_path.sh'
[0.999s] Level 1:colcon.colcon_core.environment:checking '/home/dev/Desktop/dev_ws/install/carr-e-2/bin'
[0.999s] Level 1:colcon.colcon_core.environment:checking '/home/dev/Desktop/dev_ws/install/carr-e-2/lib/pkgconfig/carr-e-2.pc'
[0.999s] Level 1:colcon.colcon_core.environment:checking '/home/dev/Desktop/dev_ws/install/carr-e-2/lib/python3.8/site-packages'
[1.000s] Level 1:colcon.colcon_core.environment:checking '/home/dev/Desktop/dev_ws/install/carr-e-2/bin'
[1.003s] INFO:colcon.colcon_core.shell:Creating package script '/home/dev/Desktop/dev_ws/install/carr-e-2/share/carr-e-2/package.ps1'
[1.004s] INFO:colcon.colcon_core.shell:Creating package descriptor '/home/dev/Desktop/dev_ws/install/carr-e-2/share/carr-e-2/package.dsv'
[1.005s] INFO:colcon.colcon_core.shell:Creating package script '/home/dev/Desktop/dev_ws/install/carr-e-2/share/carr-e-2/package.sh'
[1.007s] INFO:colcon.colcon_core.shell:Creating package script '/home/dev/Desktop/dev_ws/install/carr-e-2/share/carr-e-2/package.bash'
[1.008s] INFO:colcon.colcon_core.shell:Creating package script '/home/dev/Desktop/dev_ws/install/carr-e-2/share/carr-e-2/package.zsh'
[1.010s] Level 1:colcon.colcon_core.environment:create_file_with_runtime_dependencies(/home/dev/Desktop/dev_ws/install/carr-e-2/share/colcon-core/packages/carr-e-2)
[1.050s] Level 1:colcon.colcon_core.environment:create_environment_scripts_only(carr-e-2)
[1.057s] Level 1:colcon.colcon_core.environment:checking '/home/dev/Desktop/dev_ws/install/carr-e-2' for CMake module files
[1.059s] Level 1:colcon.colcon_core.environment:checking '/home/dev/Desktop/dev_ws/install/carr-e-2' for CMake config files
[1.059s] Level 1:colcon.colcon_core.shell:create_environment_hook('carr-e-2', 'cmake_prefix_path')
[1.063s] INFO:colcon.colcon_core.shell:Creating environment hook '/home/dev/Desktop/dev_ws/install/carr-e-2/share/carr-e-2/hook/cmake_prefix_path.ps1'
[1.065s] INFO:colcon.colcon_core.shell:Creating environment descriptor '/home/dev/Desktop/dev_ws/install/carr-e-2/share/carr-e-2/hook/cmake_prefix_path.dsv'
[1.066s] INFO:colcon.colcon_core.shell:Creating environment hook '/home/dev/Desktop/dev_ws/install/carr-e-2/share/carr-e-2/hook/cmake_prefix_path.sh'
[1.067s] Level 1:colcon.colcon_core.environment:checking '/home/dev/Desktop/dev_ws/install/carr-e-2/bin'
[1.068s] Level 1:colcon.colcon_core.environment:checking '/home/dev/Desktop/dev_ws/install/carr-e-2/lib/pkgconfig/carr-e-2.pc'
[1.068s] Level 1:colcon.colcon_core.environment:checking '/home/dev/Desktop/dev_ws/install/carr-e-2/lib/python3.8/site-packages'
[1.069s] Level 1:colcon.colcon_core.environment:checking '/home/dev/Desktop/dev_ws/install/carr-e-2/bin'
[1.073s] INFO:colcon.colcon_core.shell:Creating package script '/home/dev/Desktop/dev_ws/install/carr-e-2/share/carr-e-2/package.ps1'
[1.074s] INFO:colcon.colcon_core.shell:Creating package descriptor '/home/dev/Desktop/dev_ws/install/carr-e-2/share/carr-e-2/package.dsv'
[1.075s] INFO:colcon.colcon_core.shell:Creating package script '/home/dev/Desktop/dev_ws/install/carr-e-2/share/carr-e-2/package.sh'
[1.076s] INFO:colcon.colcon_core.shell:Creating package script '/home/dev/Desktop/dev_ws/install/carr-e-2/share/carr-e-2/package.bash'
[1.076s] INFO:colcon.colcon_core.shell:Creating package script '/home/dev/Desktop/dev_ws/install/carr-e-2/share/carr-e-2/package.zsh'
[1.077s] Level 1:colcon.colcon_core.environment:create_file_with_runtime_dependencies(/home/dev/Desktop/dev_ws/install/carr-e-2/share/colcon-core/packages/carr-e-2)
[1.543s] DEBUG:colcon.colcon_core.event_handler.log_command:Invoking command in '/home/dev/Desktop/dev_ws/build/joy_tester': PYTHONPATH=/home/dev/Desktop/dev_ws/build/joy_tester/prefix_override:/home/dev/Desktop/dev_ws/install/joy_tester/lib/python3.8/site-packages:${PYTHONPATH} /usr/bin/python3 setup.py develop --editable --build-directory /home/dev/Desktop/dev_ws/build/joy_tester/build --no-deps install_data
[2.286s] Level 1:colcon.colcon_core.shell:create_environment_hook('joy_tester', 'pythonpath_develop')
[2.289s] INFO:colcon.colcon_core.shell:Creating environment hook '/home/dev/Desktop/dev_ws/build/joy_tester/share/joy_tester/hook/pythonpath_develop.ps1'
[2.290s] DEBUG:colcon.colcon_core.event_handler.log_command:Invoked command in '/home/dev/Desktop/dev_ws/build/joy_tester' returned '0': PYTHONPATH=/home/dev/Desktop/dev_ws/build/joy_tester/prefix_override:/home/dev/Desktop/dev_ws/install/joy_tester/lib/python3.8/site-packages:${PYTHONPATH} /usr/bin/python3 setup.py develop --editable --build-directory /home/dev/Desktop/dev_ws/build/joy_tester/build --no-deps install_data
[2.291s] INFO:colcon.colcon_core.shell:Creating environment descriptor '/home/dev/Desktop/dev_ws/build/joy_tester/share/joy_tester/hook/pythonpath_develop.dsv'
[2.291s] INFO:colcon.colcon_core.shell:Creating environment hook '/home/dev/Desktop/dev_ws/build/joy_tester/share/joy_tester/hook/pythonpath_develop.sh'
[2.295s] Level 1:colcon.colcon_core.environment:checking '/home/dev/Desktop/dev_ws/install/joy_tester' for CMake module files
[2.296s] Level 1:colcon.colcon_core.environment:checking '/home/dev/Desktop/dev_ws/install/joy_tester' for CMake config files
[2.297s] Level 1:colcon.colcon_core.environment:checking '/home/dev/Desktop/dev_ws/install/joy_tester/lib'
[2.298s] Level 1:colcon.colcon_core.environment:checking '/home/dev/Desktop/dev_ws/install/joy_tester/bin'
[2.298s] Level 1:colcon.colcon_core.environment:checking '/home/dev/Desktop/dev_ws/install/joy_tester/lib/pkgconfig/joy_tester.pc'
[2.298s] Level 1:colcon.colcon_core.environment:checking '/home/dev/Desktop/dev_ws/install/joy_tester/lib/python3.8/site-packages'
[2.299s] Level 1:colcon.colcon_core.shell:create_environment_hook('joy_tester', 'pythonpath')
[2.302s] INFO:colcon.colcon_core.shell:Creating environment hook '/home/dev/Desktop/dev_ws/install/joy_tester/share/joy_tester/hook/pythonpath.ps1'
[2.303s] INFO:colcon.colcon_core.shell:Creating environment descriptor '/home/dev/Desktop/dev_ws/install/joy_tester/share/joy_tester/hook/pythonpath.dsv'
[2.303s] INFO:colcon.colcon_core.shell:Creating environment hook '/home/dev/Desktop/dev_ws/install/joy_tester/share/joy_tester/hook/pythonpath.sh'
[2.304s] Level 1:colcon.colcon_core.environment:checking '/home/dev/Desktop/dev_ws/install/joy_tester/bin'
[2.304s] Level 1:colcon.colcon_core.environment:create_environment_scripts_only(joy_tester)
[2.307s] INFO:colcon.colcon_core.shell:Creating package script '/home/dev/Desktop/dev_ws/install/joy_tester/share/joy_tester/package.ps1'
[2.307s] INFO:colcon.colcon_core.shell:Creating package descriptor '/home/dev/Desktop/dev_ws/install/joy_tester/share/joy_tester/package.dsv'
[2.308s] INFO:colcon.colcon_core.shell:Creating package script '/home/dev/Desktop/dev_ws/install/joy_tester/share/joy_tester/package.sh'
[2.309s] INFO:colcon.colcon_core.shell:Creating package script '/home/dev/Desktop/dev_ws/install/joy_tester/share/joy_tester/package.bash'
[2.309s] INFO:colcon.colcon_core.shell:Creating package script '/home/dev/Desktop/dev_ws/install/joy_tester/share/joy_tester/package.zsh'
[2.310s] Level 1:colcon.colcon_core.environment:create_file_with_runtime_dependencies(/home/dev/Desktop/dev_ws/install/joy_tester/share/colcon-core/packages/joy_tester)
[2.310s] DEBUG:colcon.colcon_parallel_executor.executor.parallel:closing loop
[2.311s] DEBUG:colcon.colcon_parallel_executor.executor.parallel:loop closed
[2.311s] DEBUG:colcon.colcon_parallel_executor.executor.parallel:run_until_complete finished with '0'
[2.311s] DEBUG:colcon.colcon_core.event_reactor:joining thread
[2.323s] INFO:colcon.colcon_core.plugin_system:Skipping extension 'colcon_notification.desktop_notification.terminal_notifier': Not used on non-Darwin systems
[2.324s] INFO:colcon.colcon_core.plugin_system:Skipping extension 'colcon_notification.desktop_notification.win32': Not used on non-Windows systems
[2.324s] INFO:colcon.colcon_notification.desktop_notification:Sending desktop notification using 'notify2'
[2.358s] DEBUG:colcon.colcon_core.event_reactor:joined thread
[2.361s] INFO:colcon.colcon_core.shell:Creating prefix script '/home/dev/Desktop/dev_ws/install/local_setup.ps1'
[2.363s] INFO:colcon.colcon_core.shell:Creating prefix util module '/home/dev/Desktop/dev_ws/install/_local_setup_util_ps1.py'
[2.367s] INFO:colcon.colcon_core.shell:Creating prefix chain script '/home/dev/Desktop/dev_ws/install/setup.ps1'
[2.370s] INFO:colcon.colcon_core.shell:Creating prefix script '/home/dev/Desktop/dev_ws/install/local_setup.sh'
[2.372s] INFO:colcon.colcon_core.shell:Creating prefix util module '/home/dev/Desktop/dev_ws/install/_local_setup_util_sh.py'
[2.373s] INFO:colcon.colcon_core.shell:Creating prefix chain script '/home/dev/Desktop/dev_ws/install/setup.sh'
[2.376s] INFO:colcon.colcon_core.shell:Creating prefix script '/home/dev/Desktop/dev_ws/install/local_setup.bash'
[2.377s] INFO:colcon.colcon_core.shell:Creating prefix chain script '/home/dev/Desktop/dev_ws/install/setup.bash'
[2.380s] INFO:colcon.colcon_core.shell:Creating prefix script '/home/dev/Desktop/dev_ws/install/local_setup.zsh'
[2.382s] INFO:colcon.colcon_core.shell:Creating prefix chain script '/home/dev/Desktop/dev_ws/install/setup.zsh'
