[0.436s] Invoking command in '/home/dev/Desktop/dev_ws/build/serial_motor_demo': AMENT_PREFIX_PATH=/home/dev/Desktop/dev_ws/install/serial_motor_demo_msgs:${AMENT_PREFIX_PATH} CMAKE_PREFIX_PATH=/home/dev/Desktop/dev_ws/install/serial_motor_demo_msgs LD_LIBRARY_PATH=/home/dev/Desktop/dev_ws/install/serial_motor_demo_msgs/lib:${LD_LIBRARY_PATH} PYTHONPATH=/home/dev/Desktop/dev_ws/build/serial_motor_demo/prefix_override:/home/dev/Desktop/dev_ws/install/serial_motor_demo/lib/python3.8/site-packages:/home/dev/Desktop/dev_ws/install/serial_motor_demo_msgs/lib/python3.8/site-packages:${PYTHONPATH} /usr/bin/python3 setup.py develop --editable --build-directory /home/dev/Desktop/dev_ws/build/serial_motor_demo/build --no-deps install_data
[0.594s] running develop
[0.680s] running egg_info
[0.680s] creating serial_motor_demo.egg-info
[0.681s] writing serial_motor_demo.egg-info/PKG-INFO
[0.681s] writing dependency_links to serial_motor_demo.egg-info/dependency_links.txt
[0.681s] writing entry points to serial_motor_demo.egg-info/entry_points.txt
[0.681s] writing requirements to serial_motor_demo.egg-info/requires.txt
[0.681s] writing top-level names to serial_motor_demo.egg-info/top_level.txt
[0.682s] writing manifest file 'serial_motor_demo.egg-info/SOURCES.txt'
[0.708s] reading manifest file 'serial_motor_demo.egg-info/SOURCES.txt'
[0.708s] writing manifest file 'serial_motor_demo.egg-info/SOURCES.txt'
[0.732s] running build_ext
[0.732s] Creating /home/dev/Desktop/dev_ws/install/serial_motor_demo/lib/python3.8/site-packages/site.py
[0.734s] Creating /home/dev/Desktop/dev_ws/install/serial_motor_demo/lib/python3.8/site-packages/serial-motor-demo.egg-link (link to .)
[0.734s] Installing driver script to /home/dev/Desktop/dev_ws/install/serial_motor_demo/lib/serial_motor_demo
[0.734s] Installing gui script to /home/dev/Desktop/dev_ws/install/serial_motor_demo/lib/serial_motor_demo
[0.735s] 
[0.735s] Installed /home/dev/Desktop/dev_ws/build/serial_motor_demo
[0.735s] running install_data
[0.735s] creating /home/dev/Desktop/dev_ws/install/serial_motor_demo/share/ament_index
[0.735s] creating /home/dev/Desktop/dev_ws/install/serial_motor_demo/share/ament_index/resource_index
[0.735s] creating /home/dev/Desktop/dev_ws/install/serial_motor_demo/share/ament_index/resource_index/packages
[0.735s] copying resource/serial_motor_demo -> /home/dev/Desktop/dev_ws/install/serial_motor_demo/share/ament_index/resource_index/packages
[0.735s] copying package.xml -> /home/dev/Desktop/dev_ws/install/serial_motor_demo/share/serial_motor_demo
[0.758s] Invoked command in '/home/dev/Desktop/dev_ws/build/serial_motor_demo' returned '0': AMENT_PREFIX_PATH=/home/dev/Desktop/dev_ws/install/serial_motor_demo_msgs:${AMENT_PREFIX_PATH} CMAKE_PREFIX_PATH=/home/dev/Desktop/dev_ws/install/serial_motor_demo_msgs LD_LIBRARY_PATH=/home/dev/Desktop/dev_ws/install/serial_motor_demo_msgs/lib:${LD_LIBRARY_PATH} PYTHONPATH=/home/dev/Desktop/dev_ws/build/serial_motor_demo/prefix_override:/home/dev/Desktop/dev_ws/install/serial_motor_demo/lib/python3.8/site-packages:/home/dev/Desktop/dev_ws/install/serial_motor_demo_msgs/lib/python3.8/site-packages:${PYTHONPATH} /usr/bin/python3 setup.py develop --editable --build-directory /home/dev/Desktop/dev_ws/build/serial_motor_demo/build --no-deps install_data
